[2023-07-27 10:31:32.692] [INFO ] [main] com.seypak.study.intellij.Application Starting Application using Java 11.0.20 on DESKTOP-RDK4BEL with PID 15792 (C:\Spring Boot\IntelliJ_SpringBoot\target\classes started by seypark in C:\Spring Boot\IntelliJ_SpringBoot)
[2023-07-27 10:31:32.695] [INFO ] [main] com.seypak.study.intellij.Application No active profile set, falling back to default profiles: default
[2023-07-27 10:31:33.553] [INFO ] [main] org.springframework.data.repository.config.RepositoryConfigurationDelegate Bootstrapping Spring Data JPA repositories in DEFAULT mode.
[2023-07-27 10:31:33.636] [INFO ] [main] org.springframework.data.repository.config.RepositoryConfigurationDelegate Finished Spring Data repository scanning in 76 ms. Found 1 JPA repository interfaces.
[2023-07-27 10:31:34.197] [INFO ] [main] org.springframework.boot.web.embedded.tomcat.TomcatWebServer Tomcat initialized with port(s): 8080 (http)
[2023-07-27 10:31:34.208] [INFO ] [main] org.apache.coyote.http11.Http11NioProtocol Initializing ProtocolHandler ["http-nio-8080"]
[2023-07-27 10:31:34.209] [INFO ] [main] org.apache.catalina.core.StandardService Starting service [Tomcat]
[2023-07-27 10:31:34.209] [INFO ] [main] org.apache.catalina.core.StandardEngine Starting Servlet engine: [Apache Tomcat/9.0.46]
[2023-07-27 10:31:34.343] [INFO ] [main] org.apache.catalina.core.ContainerBase.[Tomcat].[localhost].[/] Initializing Spring embedded WebApplicationContext
[2023-07-27 10:31:34.344] [INFO ] [main] org.springframework.boot.web.servlet.context.ServletWebServerApplicationContext Root WebApplicationContext: initialization completed in 1608 ms
[2023-07-27 10:31:34.448] [INFO ] [main] com.zaxxer.hikari.HikariDataSource HikariPool-1 - Starting...
[2023-07-27 10:31:34.511] [INFO ] [main] com.zaxxer.hikari.HikariDataSource HikariPool-1 - Start completed.
[2023-07-27 10:31:34.648] [INFO ] [main] org.hibernate.jpa.internal.util.LogHelper HHH000204: Processing PersistenceUnitInfo [name: default]
[2023-07-27 10:31:34.702] [INFO ] [main] org.hibernate.Version HHH000412: Hibernate ORM core version 5.4.32.Final
[2023-07-27 10:31:34.892] [INFO ] [main] org.hibernate.annotations.common.Version HCANN000001: Hibernate Commons Annotations {5.1.2.Final}
[2023-07-27 10:31:35.017] [INFO ] [main] org.hibernate.dialect.Dialect HHH000400: Using dialect: org.hibernate.dialect.MariaDB53Dialect
[2023-07-27 10:31:35.562] [INFO ] [main] org.hibernate.engine.transaction.jta.platform.internal.JtaPlatformInitiator HHH000490: Using JtaPlatform implementation: [org.hibernate.engine.transaction.jta.platform.internal.NoJtaPlatform]
[2023-07-27 10:31:35.571] [INFO ] [main] org.springframework.orm.jpa.LocalContainerEntityManagerFactoryBean Initialized JPA EntityManagerFactory for persistence unit 'default'
[2023-07-27 10:31:36.011] [WARN ] [main] org.springframework.boot.autoconfigure.orm.jpa.JpaBaseConfiguration$JpaWebConfiguration spring.jpa.open-in-view is enabled by default. Therefore, database queries may be performed during view rendering. Explicitly configure spring.jpa.open-in-view to disable this warning
[2023-07-27 10:31:36.184] [INFO ] [main] springfox.documentation.spring.web.PropertySourcedRequestMappingHandlerMapping Mapped URL path [/v2/api-docs] onto method [springfox.documentation.swagger2.web.Swagger2Controller#getDocumentation(String, HttpServletRequest)]
[2023-07-27 10:31:36.442] [INFO ] [main] org.apache.coyote.http11.Http11NioProtocol Starting ProtocolHandler ["http-nio-8080"]
[2023-07-27 10:31:36.468] [INFO ] [main] org.springframework.boot.web.embedded.tomcat.TomcatWebServer Tomcat started on port(s): 8080 (http) with context path ''
[2023-07-27 10:31:36.470] [INFO ] [main] springfox.documentation.spring.web.plugins.DocumentationPluginsBootstrapper Context refreshed
[2023-07-27 10:31:36.490] [INFO ] [main] springfox.documentation.spring.web.plugins.DocumentationPluginsBootstrapper Found 1 custom documentation plugin(s)
[2023-07-27 10:31:36.528] [INFO ] [main] springfox.documentation.spring.web.scanners.ApiListingReferenceScanner Scanning for api listing references
[2023-07-27 10:31:36.671] [INFO ] [main] springfox.documentation.spring.web.readers.operation.CachingOperationNameGenerator Generating unique operation named: helloUsingGET_1
[2023-07-27 10:31:36.752] [INFO ] [main] com.seypak.study.intellij.Application Started Application in 4.576 seconds (JVM running for 5.901)
[2023-07-27 10:33:10.515] [INFO ] [http-nio-8080-exec-1] org.apache.catalina.core.ContainerBase.[Tomcat].[localhost].[/] Initializing Spring DispatcherServlet 'dispatcherServlet'
[2023-07-27 10:33:10.516] [INFO ] [http-nio-8080-exec-1] org.springframework.web.servlet.DispatcherServlet Initializing Servlet 'dispatcherServlet'
[2023-07-27 10:33:10.518] [INFO ] [http-nio-8080-exec-1] org.springframework.web.servlet.DispatcherServlet Completed initialization in 2 ms
[2023-07-27 10:33:10.546] [INFO ] [http-nio-8080-exec-1] com.seypak.study.intellij.controller.ProductController [ProductController] perform '1690421590546' of seypak API.
[2023-07-27 10:33:10.602] [INFO ] [http-nio-8080-exec-1] com.seypak.study.intellij.controller.ProductController [ProductController] Response :: productId ='intellij', productName ='인텔리제이', productPrice ='10000', productStock ='100', Response Time = '56'ms
[2023-07-27 10:34:49.082] [INFO ] [SpringApplicationShutdownHook] org.springframework.orm.jpa.LocalContainerEntityManagerFactoryBean Closing JPA EntityManagerFactory for persistence unit 'default'
[2023-07-27 10:34:49.086] [INFO ] [SpringApplicationShutdownHook] com.zaxxer.hikari.HikariDataSource HikariPool-1 - Shutdown initiated...
[2023-07-27 10:34:49.092] [INFO ] [SpringApplicationShutdownHook] com.zaxxer.hikari.HikariDataSource HikariPool-1 - Shutdown completed.
[2023-07-27 10:34:56.430] [INFO ] [main] com.seypak.study.intellij.Application Starting Application using Java 11.0.20 on DESKTOP-RDK4BEL with PID 5796 (C:\Spring Boot\IntelliJ_SpringBoot\target\classes started by seypark in C:\Spring Boot\IntelliJ_SpringBoot)
[2023-07-27 10:34:56.434] [INFO ] [main] com.seypak.study.intellij.Application No active profile set, falling back to default profiles: default
[2023-07-27 10:34:57.669] [INFO ] [main] org.springframework.data.repository.config.RepositoryConfigurationDelegate Bootstrapping Spring Data JPA repositories in DEFAULT mode.
[2023-07-27 10:34:57.760] [INFO ] [main] org.springframework.data.repository.config.RepositoryConfigurationDelegate Finished Spring Data repository scanning in 77 ms. Found 1 JPA repository interfaces.
[2023-07-27 10:34:58.447] [INFO ] [main] org.springframework.boot.web.embedded.tomcat.TomcatWebServer Tomcat initialized with port(s): 8080 (http)
[2023-07-27 10:34:58.490] [INFO ] [main] org.apache.coyote.http11.Http11NioProtocol Initializing ProtocolHandler ["http-nio-8080"]
[2023-07-27 10:34:58.491] [INFO ] [main] org.apache.catalina.core.StandardService Starting service [Tomcat]
[2023-07-27 10:34:58.491] [INFO ] [main] org.apache.catalina.core.StandardEngine Starting Servlet engine: [Apache Tomcat/9.0.46]
[2023-07-27 10:34:58.665] [INFO ] [main] org.apache.catalina.core.ContainerBase.[Tomcat].[localhost].[/] Initializing Spring embedded WebApplicationContext
[2023-07-27 10:34:58.665] [INFO ] [main] org.springframework.boot.web.servlet.context.ServletWebServerApplicationContext Root WebApplicationContext: initialization completed in 2176 ms
[2023-07-27 10:34:58.810] [INFO ] [main] com.zaxxer.hikari.HikariDataSource HikariPool-1 - Starting...
[2023-07-27 10:34:58.863] [INFO ] [main] com.zaxxer.hikari.HikariDataSource HikariPool-1 - Start completed.
[2023-07-27 10:34:59.006] [INFO ] [main] org.hibernate.jpa.internal.util.LogHelper HHH000204: Processing PersistenceUnitInfo [name: default]
[2023-07-27 10:34:59.066] [INFO ] [main] org.hibernate.Version HHH000412: Hibernate ORM core version 5.4.32.Final
[2023-07-27 10:34:59.186] [INFO ] [main] org.hibernate.annotations.common.Version HCANN000001: Hibernate Commons Annotations {5.1.2.Final}
[2023-07-27 10:34:59.291] [INFO ] [main] org.hibernate.dialect.Dialect HHH000400: Using dialect: org.hibernate.dialect.MariaDB53Dialect
[2023-07-27 10:34:59.848] [INFO ] [main] org.hibernate.engine.transaction.jta.platform.internal.JtaPlatformInitiator HHH000490: Using JtaPlatform implementation: [org.hibernate.engine.transaction.jta.platform.internal.NoJtaPlatform]
[2023-07-27 10:34:59.864] [INFO ] [main] org.springframework.orm.jpa.LocalContainerEntityManagerFactoryBean Initialized JPA EntityManagerFactory for persistence unit 'default'
[2023-07-27 10:35:00.430] [WARN ] [main] org.springframework.boot.autoconfigure.orm.jpa.JpaBaseConfiguration$JpaWebConfiguration spring.jpa.open-in-view is enabled by default. Therefore, database queries may be performed during view rendering. Explicitly configure spring.jpa.open-in-view to disable this warning
[2023-07-27 10:35:00.654] [INFO ] [main] springfox.documentation.spring.web.PropertySourcedRequestMappingHandlerMapping Mapped URL path [/v2/api-docs] onto method [springfox.documentation.swagger2.web.Swagger2Controller#getDocumentation(String, HttpServletRequest)]
[2023-07-27 10:35:00.971] [INFO ] [main] org.apache.coyote.http11.Http11NioProtocol Starting ProtocolHandler ["http-nio-8080"]
[2023-07-27 10:35:00.991] [INFO ] [main] org.springframework.boot.web.embedded.tomcat.TomcatWebServer Tomcat started on port(s): 8080 (http) with context path ''
[2023-07-27 10:35:00.993] [INFO ] [main] springfox.documentation.spring.web.plugins.DocumentationPluginsBootstrapper Context refreshed
[2023-07-27 10:35:01.012] [INFO ] [main] springfox.documentation.spring.web.plugins.DocumentationPluginsBootstrapper Found 1 custom documentation plugin(s)
[2023-07-27 10:35:01.044] [INFO ] [main] springfox.documentation.spring.web.scanners.ApiListingReferenceScanner Scanning for api listing references
[2023-07-27 10:35:01.155] [INFO ] [main] springfox.documentation.spring.web.readers.operation.CachingOperationNameGenerator Generating unique operation named: helloUsingGET_1
[2023-07-27 10:35:01.276] [INFO ] [main] com.seypak.study.intellij.Application Started Application in 5.369 seconds (JVM running for 7.183)
